#-----------------------------------------------------------
# Vivado v2019.2 (64-bit)
# SW Build 2708876 on Wed Nov  6 21:40:23 MST 2019
# IP Build 2700528 on Thu Nov  7 00:09:20 MST 2019
# Start of session at: Wed Feb  5 11:03:57 2025
# Process ID: 15232
# Current directory: E:/Semester 4/DSD LAB/Experiment 2/Experiment_3
# Command line: vivado.exe -gui_launcher_event rodinguilauncherevent14532 E:\Semester 4\DSD LAB\Experiment 2\Experiment_3\Experiment_3.xpr
# Log file: E:/Semester 4/DSD LAB/Experiment 2/Experiment_3/vivado.log
# Journal file: E:/Semester 4/DSD LAB/Experiment 2/Experiment_3\vivado.jou
#-----------------------------------------------------------
start_gui
open_project {E:/Semester 4/DSD LAB/Experiment 2/Experiment_3/Experiment_3.xpr}
Scanning sources...
Finished scanning sources
INFO: [IP_Flow 19-234] Refreshing IP repositories
INFO: [IP_Flow 19-1704] No user IP repositories specified
INFO: [IP_Flow 19-2313] Loaded Vivado IP repository 'D:/Vivado/2019.2/data/ip'.
open_project: Time (s): cpu = 00:00:25 ; elapsed = 00:00:12 . Memory (MB): peak = 842.621 ; gain = 183.656
update_compile_order -fileset sources_1
launch_runs synth_1 -jobs 2
[Wed Feb  5 11:07:20 2025] Launched synth_1...
Run output will be captured here: E:/Semester 4/DSD LAB/Experiment 2/Experiment_3/Experiment_3.runs/synth_1/runme.log
launch_runs impl_1 -jobs 2
[Wed Feb  5 11:09:46 2025] Launched impl_1...
Run output will be captured here: E:/Semester 4/DSD LAB/Experiment 2/Experiment_3/Experiment_3.runs/impl_1/runme.log
open_run impl_1
INFO: [Device 21-403] Loading part xc7a100tcsg324-1
Netlist sorting complete. Time (s): cpu = 00:00:00 ; elapsed = 00:00:00 . Memory (MB): peak = 1140.914 ; gain = 0.000
INFO: [Project 1-479] Netlist was created with Vivado 2019.2
INFO: [Project 1-570] Preparing netlist for logic optimization
Reading XDEF placement.
Reading placer database...
Reading XDEF routing.
Read XDEF File: Time (s): cpu = 00:00:00 ; elapsed = 00:00:00.188 . Memory (MB): peak = 1220.500 ; gain = 0.000
Restored from archive | CPU: 0.000000 secs | Memory: 0.000000 MB |
Finished XDEF File Restore: Time (s): cpu = 00:00:00 ; elapsed = 00:00:00.189 . Memory (MB): peak = 1220.500 ; gain = 0.000
Netlist sorting complete. Time (s): cpu = 00:00:00 ; elapsed = 00:00:00.001 . Memory (MB): peak = 1220.711 ; gain = 0.000
INFO: [Project 1-111] Unisim Transformation Summary:
No Unisim elements were transformed.

open_run: Time (s): cpu = 00:00:25 ; elapsed = 00:00:17 . Memory (MB): peak = 1361.738 ; gain = 480.164
WARNING: [Timing 38-313] There are no user specified timing constraints. Timing constraints are needed for proper timing analysis.
report_timing_summary -delay_type min_max -report_unconstrained -check_timing_verbose -max_paths 10 -input_pins -routable_nets -name timing_1
INFO: [Timing 38-35] Done setting XDC timing constraints.
INFO: [Timing 38-91] UpdateTimingParams: Speed grade: -1, Delay Type: min_max.
INFO: [Timing 38-191] Multithreading enabled for timing update using a maximum of 2 CPUs
exit
INFO: [Common 17-206] Exiting Vivado at Wed Feb  5 11:30:26 2025...
